<?xml version="1.0" encoding="UTF-8"?>
<testng-results ignored="0" total="1" passed="1" failed="0" skipped="0">
  <reporter-output>
  </reporter-output>
  <suite started-at="2025-08-09T13:25:10 IST" name="Default suite" finished-at="2025-08-09T13:25:57 IST" duration-ms="46992">
    <groups>
    </groups>
    <test started-at="2025-08-09T13:25:10 IST" name="Default test" finished-at="2025-08-09T13:25:57 IST" duration-ms="46992">
      <class name="com.RPAChallenge.SeleniumJava.HomeTest">
        <test-method is-config="true" signature="openBrowser()[pri:0, instance:com.RPAChallenge.SeleniumJava.HomeTest@7334aada]" started-at="2025-08-09T13:25:10 IST" name="openBrowser" finished-at="2025-08-09T13:25:18 IST" duration-ms="8104" status="PASS">
          <reporter-output>
          </reporter-output>
        </test-method> <!-- openBrowser -->
        <test-method signature="automateRPAChallenge()[pri:0, instance:com.RPAChallenge.SeleniumJava.HomeTest@7334aada]" started-at="2025-08-09T13:25:18 IST" name="automateRPAChallenge" finished-at="2025-08-09T13:25:57 IST" duration-ms="38653" status="PASS">
          <reporter-output>
          </reporter-output>
        </test-method> <!-- automateRPAChallenge -->
        <test-method is-config="true" signature="closeBrowser()[pri:0, instance:com.RPAChallenge.SeleniumJava.HomeTest@7334aada]" started-at="2025-08-09T13:25:57 IST" name="closeBrowser" finished-at="2025-08-09T13:25:57 IST" duration-ms="207" status="PASS">
          <reporter-output>
          </reporter-output>
        </test-method> <!-- closeBrowser -->
      </class> <!-- com.RPAChallenge.SeleniumJava.HomeTest -->
    </test> <!-- Default test -->
  </suite> <!-- Default suite -->
</testng-results>
